<?xml version="1.0" encoding="UTF-8"?>
<!-- Generated by org.testng.reporters.JUnitXMLReporter -->
<testsuite ignored="4" hostname="Dalia" failures="0" tests="2" name="Default test" time="8.757" errors="0" timestamp="2023-12-05T22:26:59 EET">
  <testcase classname="sawglab.swagLabTestCases" name="logInTest" time="0.206"/>
  <testcase classname="sawglab.swagLabTestCases" name="addBike" time="7.43"/>
  <testcase classname="sawglab.swagLabTestCases" name="addEven" time="0.0">
    <ignored/>
  </testcase> <!-- addEven -->
  <testcase classname="sawglab.swagLabTestCases" name="printTest" time="0.0">
    <ignored/>
  </testcase> <!-- printTest -->
  <testcase classname="sawglab.swagLabTestCases" name="printAllItems" time="0.0">
    <ignored/>
  </testcase> <!-- printAllItems -->
  <testcase classname="sawglab.swagLabTestCases" name="addAllItems" time="0.0">
    <ignored/>
  </testcase> <!-- addAllItems -->
</testsuite> <!-- Default test -->
